<?xml version="1.0" encoding="UTF-8"?>
<!-- Generated by org.testng.reporters.JUnitXMLReporter -->
<testsuite ignored="4" hostname="MacBook-Air.local" failures="0" tests="0" time="0.003" errors="0" timestamp="2026-06-13T16:30:22 IST">
  <testcase classname="com.app.test.AccountRecoveryTest" name="recoverAccountWithEmptyField" time="0.0">
    <ignored/>
  </testcase> <!-- recoverAccountWithEmptyField -->
  <testcase classname="com.app.test.AccountRecoveryTest" name="recoverAccountWithInvalidPhone" time="0.0">
    <ignored/>
  </testcase> <!-- recoverAccountWithInvalidPhone -->
  <testcase classname="com.app.test.AccountRecoveryTest" name="recoverAccountWithValidEmail" time="0.0">
    <ignored/>
  </testcase> <!-- recoverAccountWithValidEmail -->
  <testcase classname="com.app.test.AccountRecoveryTest" name="recoverAccountWithInvalidEmail" time="0.0">
    <ignored/>
  </testcase> <!-- recoverAccountWithInvalidEmail -->
</testsuite>
