<?xml version="1.0" encoding="UTF-8"?>
<!-- Generated by org.testng.reporters.JUnitXMLReporter -->
<testsuite ignored="0" hostname="MacBook-Air.local" failures="0" tests="4" name="AccountRecovery Test" time="0.04" errors="0" timestamp="2026-06-13T15:31:04 IST">
  <testcase classname="com.app.test.AccountRecoveryTest" name="recoverAccountWithValidEmail" time="0.0">
    <skipped/>
  </testcase> <!-- recoverAccountWithValidEmail -->
  <testcase classname="com.app.test.AccountRecoveryTest" name="recoverAccountWithInvalidEmail" time="0.0">
    <skipped/>
  </testcase> <!-- recoverAccountWithInvalidEmail -->
  <testcase classname="com.app.test.AccountRecoveryTest" name="recoverAccountWithEmptyField" time="0.0">
    <skipped/>
  </testcase> <!-- recoverAccountWithEmptyField -->
  <testcase classname="com.app.test.AccountRecoveryTest" name="recoverAccountWithInvalidPhone" time="0.001">
    <skipped/>
  </testcase> <!-- recoverAccountWithInvalidPhone -->
</testsuite> <!-- AccountRecovery Test -->
