<?xml version="1.0" encoding="UTF-8"?>
<!-- Generated by org.testng.reporters.JUnitXMLReporter -->
<testsuite ignored="0" hostname="MacBook-Air.local" failures="0" tests="5" name="Registration  Test" time="0.048" errors="0" timestamp="2026-06-13T15:31:04 IST">
  <testcase classname="com.app.testcomponent.BaseTest" name="@BeforeMethod launchAppliaction" time="0.003">
    <failure type="java.lang.NullPointerException" message="Cannot invoke &amp;quot;String.contains(java.lang.CharSequence)&amp;quot; because &amp;quot;browserName&amp;quot; is null">
      <![CDATA[java.lang.NullPointerException: Cannot invoke "String.contains(java.lang.CharSequence)" because "browserName" is null
at com.app.testcomponent.BaseTest.initializeWebdriver(BaseTest.java:43)
at com.app.testcomponent.BaseTest.launchAppliaction(BaseTest.java:84)
at java.base/java.util.ArrayList.forEach(ArrayList.java:1511)
at java.base/java.util.concurrent.FutureTask.run(FutureTask.java:264)
at java.base/java.util.concurrent.ThreadPoolExecutor.runWorker(ThreadPoolExecutor.java:1136)
at java.base/java.util.concurrent.ThreadPoolExecutor$Worker.run(ThreadPoolExecutor.java:635)
at java.base/java.lang.Thread.run(Thread.java:842)
... Removed 21 stack frames]]>
    </failure>
  </testcase> <!-- @BeforeMethod launchAppliaction -->
  <testcase classname="com.app.testcomponent.BaseTest" name="@AfterMethod closeDriver" time="0.0">
    <failure type="java.lang.NullPointerException" message="Cannot invoke &amp;quot;org.openqa.selenium.WebDriver.close()&amp;quot; because &amp;quot;this.driver&amp;quot; is null">
      <![CDATA[java.lang.NullPointerException: Cannot invoke "org.openqa.selenium.WebDriver.close()" because "this.driver" is null
at com.app.testcomponent.BaseTest.closeDriver(BaseTest.java:92)
at java.base/java.util.ArrayList.forEach(ArrayList.java:1511)
at java.base/java.util.concurrent.FutureTask.run(FutureTask.java:264)
at java.base/java.util.concurrent.ThreadPoolExecutor.runWorker(ThreadPoolExecutor.java:1136)
at java.base/java.util.concurrent.ThreadPoolExecutor$Worker.run(ThreadPoolExecutor.java:635)
at java.base/java.lang.Thread.run(Thread.java:842)
... Removed 22 stack frames]]>
    </failure>
  </testcase> <!-- @AfterMethod closeDriver -->
  <testcase classname="com.app.testcomponent.BaseTest" name="@BeforeMethod launchAppliaction" time="0.0">
    <failure type="java.lang.NullPointerException" message="Cannot invoke &amp;quot;String.contains(java.lang.CharSequence)&amp;quot; because &amp;quot;browserName&amp;quot; is null">
      <![CDATA[java.lang.NullPointerException: Cannot invoke "String.contains(java.lang.CharSequence)" because "browserName" is null
at com.app.testcomponent.BaseTest.initializeWebdriver(BaseTest.java:43)
at com.app.testcomponent.BaseTest.launchAppliaction(BaseTest.java:84)
at java.base/java.util.ArrayList.forEach(ArrayList.java:1511)
at java.base/java.util.concurrent.FutureTask.run(FutureTask.java:264)
at java.base/java.util.concurrent.ThreadPoolExecutor.runWorker(ThreadPoolExecutor.java:1136)
at java.base/java.util.concurrent.ThreadPoolExecutor$Worker.run(ThreadPoolExecutor.java:635)
at java.base/java.lang.Thread.run(Thread.java:842)
... Removed 21 stack frames]]>
    </failure>
  </testcase> <!-- @BeforeMethod launchAppliaction -->
  <testcase classname="com.app.testcomponent.BaseTest" name="@AfterMethod closeDriver" time="0.0">
    <failure type="java.lang.NullPointerException" message="Cannot invoke &amp;quot;org.openqa.selenium.WebDriver.close()&amp;quot; because &amp;quot;this.driver&amp;quot; is null">
      <![CDATA[java.lang.NullPointerException: Cannot invoke "org.openqa.selenium.WebDriver.close()" because "this.driver" is null
at com.app.testcomponent.BaseTest.closeDriver(BaseTest.java:92)
at java.base/java.util.ArrayList.forEach(ArrayList.java:1511)
at java.base/java.util.concurrent.FutureTask.run(FutureTask.java:264)
at java.base/java.util.concurrent.ThreadPoolExecutor.runWorker(ThreadPoolExecutor.java:1136)
at java.base/java.util.concurrent.ThreadPoolExecutor$Worker.run(ThreadPoolExecutor.java:635)
at java.base/java.lang.Thread.run(Thread.java:842)
... Removed 22 stack frames]]>
    </failure>
  </testcase> <!-- @AfterMethod closeDriver -->
  <testcase classname="com.app.testcomponent.BaseTest" name="@BeforeMethod launchAppliaction" time="0.0">
    <failure type="java.lang.NullPointerException" message="Cannot invoke &amp;quot;String.contains(java.lang.CharSequence)&amp;quot; because &amp;quot;browserName&amp;quot; is null">
      <![CDATA[java.lang.NullPointerException: Cannot invoke "String.contains(java.lang.CharSequence)" because "browserName" is null
at com.app.testcomponent.BaseTest.initializeWebdriver(BaseTest.java:43)
at com.app.testcomponent.BaseTest.launchAppliaction(BaseTest.java:84)
at java.base/java.util.ArrayList.forEach(ArrayList.java:1511)
at java.base/java.util.concurrent.FutureTask.run(FutureTask.java:264)
at java.base/java.util.concurrent.ThreadPoolExecutor.runWorker(ThreadPoolExecutor.java:1136)
at java.base/java.util.concurrent.ThreadPoolExecutor$Worker.run(ThreadPoolExecutor.java:635)
at java.base/java.lang.Thread.run(Thread.java:842)
... Removed 21 stack frames]]>
    </failure>
  </testcase> <!-- @BeforeMethod launchAppliaction -->
  <testcase classname="com.app.testcomponent.BaseTest" name="@AfterMethod closeDriver" time="0.0">
    <failure type="java.lang.NullPointerException" message="Cannot invoke &amp;quot;org.openqa.selenium.WebDriver.close()&amp;quot; because &amp;quot;this.driver&amp;quot; is null">
      <![CDATA[java.lang.NullPointerException: Cannot invoke "org.openqa.selenium.WebDriver.close()" because "this.driver" is null
at com.app.testcomponent.BaseTest.closeDriver(BaseTest.java:92)
at java.base/java.util.ArrayList.forEach(ArrayList.java:1511)
at java.base/java.util.concurrent.FutureTask.run(FutureTask.java:264)
at java.base/java.util.concurrent.ThreadPoolExecutor.runWorker(ThreadPoolExecutor.java:1136)
at java.base/java.util.concurrent.ThreadPoolExecutor$Worker.run(ThreadPoolExecutor.java:635)
at java.base/java.lang.Thread.run(Thread.java:842)
... Removed 22 stack frames]]>
    </failure>
  </testcase> <!-- @AfterMethod closeDriver -->
  <testcase classname="com.app.testcomponent.BaseTest" name="@BeforeMethod launchAppliaction" time="0.0">
    <failure type="java.lang.NullPointerException" message="Cannot invoke &amp;quot;String.contains(java.lang.CharSequence)&amp;quot; because &amp;quot;browserName&amp;quot; is null">
      <![CDATA[java.lang.NullPointerException: Cannot invoke "String.contains(java.lang.CharSequence)" because "browserName" is null
at com.app.testcomponent.BaseTest.initializeWebdriver(BaseTest.java:43)
at com.app.testcomponent.BaseTest.launchAppliaction(BaseTest.java:84)
at java.base/java.util.ArrayList.forEach(ArrayList.java:1511)
at java.base/java.util.concurrent.FutureTask.run(FutureTask.java:264)
at java.base/java.util.concurrent.ThreadPoolExecutor.runWorker(ThreadPoolExecutor.java:1136)
at java.base/java.util.concurrent.ThreadPoolExecutor$Worker.run(ThreadPoolExecutor.java:635)
at java.base/java.lang.Thread.run(Thread.java:842)
... Removed 21 stack frames]]>
    </failure>
  </testcase> <!-- @BeforeMethod launchAppliaction -->
  <testcase classname="com.app.testcomponent.BaseTest" name="@AfterMethod closeDriver" time="0.0">
    <failure type="java.lang.NullPointerException" message="Cannot invoke &amp;quot;org.openqa.selenium.WebDriver.close()&amp;quot; because &amp;quot;this.driver&amp;quot; is null">
      <![CDATA[java.lang.NullPointerException: Cannot invoke "org.openqa.selenium.WebDriver.close()" because "this.driver" is null
at com.app.testcomponent.BaseTest.closeDriver(BaseTest.java:92)
at java.base/java.util.ArrayList.forEach(ArrayList.java:1511)
at java.base/java.util.concurrent.FutureTask.run(FutureTask.java:264)
at java.base/java.util.concurrent.ThreadPoolExecutor.runWorker(ThreadPoolExecutor.java:1136)
at java.base/java.util.concurrent.ThreadPoolExecutor$Worker.run(ThreadPoolExecutor.java:635)
at java.base/java.lang.Thread.run(Thread.java:842)
... Removed 22 stack frames]]>
    </failure>
  </testcase> <!-- @AfterMethod closeDriver -->
  <testcase classname="com.app.test.RegistrationTest" name="registerWithValidData" time="0.0">
    <skipped/>
  </testcase> <!-- registerWithValidData -->
  <testcase classname="com.app.test.RegistrationTest" name="registerWithEmptyFields" time="0.0">
    <skipped/>
  </testcase> <!-- registerWithEmptyFields -->
  <testcase classname="com.app.test.RegistrationTest" name="registerWithInvalidEmail" time="0.0">
    <skipped/>
  </testcase> <!-- registerWithInvalidEmail -->
  <testcase classname="com.app.test.RegistrationTest" name="registerWithWeakPassword" time="0.0">
    <skipped/>
  </testcase> <!-- registerWithWeakPassword -->
  <testcase classname="com.app.test.RegistrationTest" name="registerWithoutFirstName" time="0.0">
    <skipped/>
  </testcase> <!-- registerWithoutFirstName -->
</testsuite> <!-- Registration  Test -->
