<?xml version="1.0" encoding="UTF-8"?>
<!-- Generated by org.testng.reporters.JUnitXMLReporter -->
<testsuite ignored="0" hostname="MacBook-Air.local" failures="0" tests="4" name="AccountRecovery Test" time="20.764" errors="0" timestamp="2026-06-20T13:37:49 IST">
  <testcase classname="com.app.test.AccountRecoveryTest" name="recoverAccountWithValidEmail" time="1.618"/>
  <testcase classname="com.app.test.AccountRecoveryTest" name="recoverAccountWithInvalidEmail" time="3.972"/>
  <testcase classname="com.app.test.AccountRecoveryTest" name="recoverAccountWithEmptyField" time="1.219"/>
  <testcase classname="com.app.test.AccountRecoveryTest" name="recoverAccountWithInvalidPhone" time="4.801"/>
</testsuite> <!-- AccountRecovery Test -->
