<?xml version="1.0" encoding="UTF-8"?>
<!-- Generated by org.testng.reporters.JUnitXMLReporter -->
<testsuite ignored="5" hostname="MacBook-Air.local" failures="0" tests="0" time="0.004" errors="0" timestamp="2026-06-11T19:58:05 IST">
  <testcase classname="com.app.test.RegistrationTest" name="registerWithValidData" time="0.0">
    <ignored/>
  </testcase> <!-- registerWithValidData -->
  <testcase classname="com.app.test.RegistrationTest" name="registerWithInvalidEmail" time="0.0">
    <ignored/>
  </testcase> <!-- registerWithInvalidEmail -->
  <testcase classname="com.app.test.RegistrationTest" name="registerWithoutFirstName" time="0.0">
    <ignored/>
  </testcase> <!-- registerWithoutFirstName -->
  <testcase classname="com.app.test.RegistrationTest" name="registerWithEmptyFields" time="0.0">
    <ignored/>
  </testcase> <!-- registerWithEmptyFields -->
  <testcase classname="com.app.test.RegistrationTest" name="registerWithWeakPassword" time="0.0">
    <ignored/>
  </testcase> <!-- registerWithWeakPassword -->
</testsuite>
