<?xml version="1.0" encoding="UTF-8"?>
<testsuite xmlns:xsi="http://www.w3.org/2001/XMLSchema-instance" xsi:noNamespaceSchemaLocation="https://maven.apache.org/surefire/maven-surefire-plugin/xsd/surefire-test-report-3.0.xsd" version="3.0" name="com.app.cucumber.TestNGRunner" time="18.34" tests="4" errors="0" skipped="0" failures="1">
  <properties>
[...]
</properties>
  <testcase name="runScenario[&quot;Login with valid credentials&quot;, &quot;Facebook Login Functionality&quot;](1)" classname="com.app.cucumber.TestNGRunner" time="2.282">
    <system-out><![CDATA[
Scenario: Login with valid credentials       # src/test/java/com/app/cucumber/login.feature:6
  Given user is on Facebook login page       # com.app.stepdefinations.StepdefinitionImpl.user_is_on_facebook_login_page()
  When user enters valid email and password  # com.app.stepdefinations.StepdefinitionImpl.user_enters_valid_email_and_password()
  And clicks on login button                 # com.app.stepdefinations.StepdefinitionImpl.clicks_on_login_button()
login successfully
  Then user should be logged in successfully # com.app.stepdefinations.StepdefinitionImpl.user_should_be_logged_in_successfully()
]]></system-out>
    <system-err><![CDATA[SLF4J(W): No SLF4J providers were found.
SLF4J(W): Defaulting to no-operation (NOP) logger implementation
SLF4J(W): See https://www.slf4j.org/codes.html#noProviders for further details.
Jun 20, 2026 1:59:26 PM org.openqa.selenium.devtools.CdpVersionFinder findNearestMatch
WARNING: Unable to find an exact match for CDP version 149, returning the closest version; found: 148; Please update to a Selenium version that supports CDP version 149
]]></system-err>
  </testcase>
  <testcase name="runScenario[&quot;Login with invalid credentials&quot;, &quot;Facebook Login Functionality&quot;](2)" classname="com.app.cucumber.TestNGRunner" time="2.123">
    <system-out><![CDATA[
Scenario: Login with invalid credentials                 # src/test/java/com/app/cucumber/login.feature:11
  Given user is on Facebook login page                   # com.app.stepdefinations.StepdefinitionImpl.user_is_on_facebook_login_page()
  When user enters invalid email and password            # com.app.stepdefinations.StepdefinitionImpl.user_enters_invalid_email_and_password()
  And clicks on login button                             # com.app.stepdefinations.StepdefinitionImpl.clicks_on_login_button()
Invalid or Incorrect email
  Then "Invalid or Incorrect email" message is displayed # com.app.stepdefinations.StepdefinitionImpl.message_is_displayed(java.lang.String)
]]></system-out>
    <system-err><![CDATA[Jun 20, 2026 1:59:28 PM org.openqa.selenium.devtools.CdpVersionFinder findNearestMatch
WARNING: Unable to find an exact match for CDP version 149, returning the closest version; found: 148; Please update to a Selenium version that supports CDP version 149
]]></system-err>
  </testcase>
  <testcase name="runScenario[&quot;Register with valid data&quot;, &quot;Facebook Registration Functionality&quot;](3)" classname="com.app.cucumber.TestNGRunner" time="7.185">
    <system-out><![CDATA[
Scenario: Register with valid data                 # src/test/java/com/app/cucumber/registration.feature:7
  Given user is on Facebook login page             # com.app.stepdefinations.StepdefinitionImpl.user_is_on_facebook_login_page()
  When user clicks on Create New Account           # com.app.stepdefinations.StepdefinitionImpl.user_clicks_on_create_new_account()
Retrying... 18
Retrying... 18
Retrying... 18
Retrying... 18
Retrying... 18
Retrying... 18
Retrying... 18
Retrying... 18
Retrying... 18
Retrying... 18
Retrying... 18
Retrying... 18
Retrying... 18
Retrying... APRIL
Retrying... APRIL
Retrying... APRIL
Retrying... APRIL
Retrying... APRIL
Retrying... APRIL
Retrying... APRIL
Retrying... APRIL
Retrying... 2024
Retrying... 2024
Retrying... 2024
Retrying... 2024
Retrying... 2024
Retrying... 2024
Retrying... 2024
Retrying... 2024
Retrying... 2024
Retrying... 2024
Retrying... 2024
Retrying... 2024
Retrying... 2024
Retrying... 2024
Retrying... 2024
Retrying... 2024
Retrying... 2024
Retrying... 2024
Retrying... 2024
Retrying... 2024
Retrying... 2024
Retrying... 2024
Retrying... 2024
Retrying... 2024
Retrying... 2024
Retrying... 2024
Retrying... 2024
Retrying... 2024
Retrying... 2024
Retrying... 2024
Retrying... 2024
Retrying... 2024
Retrying... 2024
Retrying... 2024
Retrying... 2024
Retrying... 2024
Retrying... 2024
Retrying... 2024
Retrying... 2024
Retrying... 2024
Retrying... 2024
Retrying... 2024
Retrying... 2024
Retrying... 2024
Retrying... 2024
Retrying... 2024
Retrying... 2024
Retrying... 2024
Retrying... 2024
Retrying... 2024
Retrying... 2024
Retrying... 2024
Retrying... 2024
Retrying... 2024
Retrying... 2024
Retrying... 2024
Retrying... 2024
Retrying... 2024
Retrying... 2024
Retrying... 2024
Retrying... 2024
Retrying... 2024
Retrying... 2024
Retrying... 2024
Retrying... 2024
Retrying... 2024
Retrying... 2024
Retrying... 2024
Retrying... 2024
Retrying... 2024
Retrying... 2024
Retrying... 2024
Retrying... 2024
Retrying... 2024
Retrying... 2024
Retrying... 2024
Retrying... 2024
Retrying... 2024
Retrying... 2024
Retrying... 2024
Retrying... 2024
Retrying... 2024
Retrying... 2024
Retrying... 2024
Retrying... 2024
Retrying... 2024
Retrying... 2024
Retrying... 2024
Retrying... 2024
Retrying... 2024
Retrying... 2024
Retrying... 2024
Retrying... 2024
Retrying... 2024
Retrying... 2024
Retrying... 2024
Retrying... 2024
Retrying... 2024
Retrying... 2024
Retrying... 2024
Retrying... 2024
Retrying... 2024
Retrying... 2024
Retrying... 2024
Retrying... 2024
Retrying... 2024
Retrying... 2024
Retrying... 2024
Retrying... 2024
Retrying... 2024
Retrying... 2024
Retrying... 2024
Retrying... 2024
Retrying... 2024
Retrying... 2024
Retrying... 2024
Retrying... 2024
Retrying... 2024
Retrying... 2024
Retrying... 2024
Retrying... 2024
Retrying... 2024
Retrying... 2024
Retrying... 2024
Retrying... 2024
Retrying... 2024
Retrying... 2024
Retrying... 2024
Retrying... 2024
Retrying... 2024
Retrying... 2024
Retrying... 2024
Retrying... 2024
Retrying... 2024
Retrying... 2024
Retrying... 2024
Retrying... 2024
Retrying... 2024
Retrying... 2024
Retrying... 2024
Retrying... 2024
Retrying... 2024
Retrying... 2024
Retrying... 2024
Retrying... 2024
Retrying... 2024
Retrying... 2024
Retrying... 2024
Retrying... Male
  When user enters valid registration details      # com.app.stepdefinations.StepdefinitionImpl.user_enters_valid_registration_details()
  And clicks on Sign Up button                     # com.app.stepdefinations.StepdefinitionImpl.clicks_on_sign_up_button()
account created successfully 
  Then user account should be created successfully # com.app.stepdefinations.StepdefinitionImpl.user_account_should_be_created_successfully()
]]></system-out>
    <system-err><![CDATA[Jun 20, 2026 1:59:31 PM org.openqa.selenium.devtools.CdpVersionFinder findNearestMatch
WARNING: Unable to find an exact match for CDP version 149, returning the closest version; found: 148; Please update to a Selenium version that supports CDP version 149
]]></system-err>
  </testcase>
  <testcase name="runScenario[&quot;Register with empty fields&quot;, &quot;Facebook Registration Functionality&quot;](4)" classname="com.app.cucumber.TestNGRunner" time="6.452">
    <failure message="no such element: Unable to locate element: {&quot;method&quot;:&quot;xpath&quot;,&quot;selector&quot;:&quot;//span[text()=&apos;Could not validate your mobile number. Please check the number and try again.&apos;]&quot;}&#10;  (Session info: chrome=149.0.7827.54)&#10;For documentation on this error, please visit: https://www.selenium.dev/documentation/webdriver/troubleshooting/errors#nosuchelementexception&#10;Build info: version: &apos;4.44.0&apos;, revision: &apos;da2039b&apos;&#10;System info: os.name: &apos;Mac OS X&apos;, os.arch: &apos;aarch64&apos;, os.version: &apos;26.5&apos;, java.version: &apos;21.0.11&apos;&#10;Driver info: org.openqa.selenium.chrome.ChromeDriver&#10;Command: [6039f4061349b7963b1d33109e1f2ad2, findElement {using=xpath, value=//span[text()=&apos;Could not validate your mobile number. Please check the number and try again.&apos;]}]&#10;Capabilities {acceptInsecureCerts: false, browserName: chrome, browserVersion: 149.0.7827.54, chrome: {chromedriverVersion: 149.0.7827.155 (07b52360cc1..., userDataDir: /var/folders/yt/ylqlz9k10vx...}, fedcm:accounts: true, goog:chromeOptions: {debuggerAddress: localhost:49925}, goog:processID: 2282, networkConnectionEnabled: false, pageLoadStrategy: normal, platformName: mac, proxy: Proxy(), se:cdp: ws://localhost:49925/devtoo..., se:cdpVersion: 149.0.7827.54, setWindowRect: true, strictFileInteractability: false, timeouts: {implicit: 0, pageLoad: 300000, script: 30000}, unhandledPromptBehavior: dismiss and notify, webauthn:extension:credBlob: true, webauthn:extension:largeBlob: true, webauthn:extension:minPinLength: true, webauthn:extension:prf: true, webauthn:virtualAuthenticators: true}&#10;Session ID: 6039f4061349b7963b1d33109e1f2ad2" type="org.openqa.selenium.NoSuchElementException"><![CDATA[org.openqa.selenium.NoSuchElementException: 
no such element: Unable to locate element: {"method":"xpath","selector":"//span[text()='Could not validate your mobile number. Please check the number and try again.']"}
  (Session info: chrome=149.0.7827.54)
For documentation on this error, please visit: https://www.selenium.dev/documentation/webdriver/troubleshooting/errors#nosuchelementexception
Build info: version: '4.44.0', revision: 'da2039b'
System info: os.name: 'Mac OS X', os.arch: 'aarch64', os.version: '26.5', java.version: '21.0.11'
Driver info: org.openqa.selenium.chrome.ChromeDriver
Command: [6039f4061349b7963b1d33109e1f2ad2, findElement {using=xpath, value=//span[text()='Could not validate your mobile number. Please check the number and try again.']}]
Capabilities {acceptInsecureCerts: false, browserName: chrome, browserVersion: 149.0.7827.54, chrome: {chromedriverVersion: 149.0.7827.155 (07b52360cc1..., userDataDir: /var/folders/yt/ylqlz9k10vx...}, fedcm:accounts: true, goog:chromeOptions: {debuggerAddress: localhost:49925}, goog:processID: 2282, networkConnectionEnabled: false, pageLoadStrategy: normal, platformName: mac, proxy: Proxy(), se:cdp: ws://localhost:49925/devtoo..., se:cdpVersion: 149.0.7827.54, setWindowRect: true, strictFileInteractability: false, timeouts: {implicit: 0, pageLoad: 300000, script: 30000}, unhandledPromptBehavior: dismiss and notify, webauthn:extension:credBlob: true, webauthn:extension:largeBlob: true, webauthn:extension:minPinLength: true, webauthn:extension:prf: true, webauthn:virtualAuthenticators: true}
Session ID: 6039f4061349b7963b1d33109e1f2ad2
	at org.openqa.selenium.remote.ErrorCodec.decode(ErrorCodec.java:169)
	at org.openqa.selenium.remote.codec.w3c.W3CHttpResponseCodec.decode(W3CHttpResponseCodec.java:143)
	at org.openqa.selenium.remote.codec.w3c.W3CHttpResponseCodec.decode(W3CHttpResponseCodec.java:50)
	at org.openqa.selenium.remote.HttpCommandExecutor.execute(HttpCommandExecutor.java:224)
	at org.openqa.selenium.remote.service.DriverCommandExecutor.invokeExecute(DriverCommandExecutor.java:217)
	at org.openqa.selenium.remote.service.DriverCommandExecutor.execute(DriverCommandExecutor.java:175)
	at org.openqa.selenium.remote.RemoteWebDriver.execute(RemoteWebDriver.java:600)
	at org.openqa.selenium.remote.ElementLocation$ElementFinder$2.findElement(ElementLocation.java:173)
	at org.openqa.selenium.remote.ElementLocation.findElement(ElementLocation.java:60)
	at org.openqa.selenium.remote.RemoteWebDriver.findElement(RemoteWebDriver.java:421)
	at org.openqa.selenium.remote.RemoteWebDriver.findElement(RemoteWebDriver.java:415)
	at org.openqa.selenium.support.pagefactory.DefaultElementLocator.findElement(DefaultElementLocator.java:69)
	at org.openqa.selenium.support.pagefactory.internal.LocatingElementHandler.invoke(LocatingElementHandler.java:38)
	at jdk.proxy2/jdk.proxy2.$Proxy20.getText(Unknown Source)
	at com.app.pageobject.RegistrationPage.getErrorMassage(RegistrationPage.java:143)
	at com.app.stepdefinations.StepdefinitionImpl.user_should_see_validation_errors(StepdefinitionImpl.java:87)
	at ✽.user should see validation errors(file:///Users/praful/Downloads/Eclipse-WS/BatchRS-New/FBAutomationFramework/src/test/java/com/app/cucumber/registration.feature:15)
]]></failure>
    <system-out><![CDATA[
Scenario: Register with empty fields                # src/test/java/com/app/cucumber/registration.feature:13
  Given user is on Facebook login page              # com.app.stepdefinations.StepdefinitionImpl.user_is_on_facebook_login_page()
  When user clicks on Create New Account            # com.app.stepdefinations.StepdefinitionImpl.user_clicks_on_create_new_account()
  When user clicks on Sign Up without entering data # com.app.stepdefinations.StepdefinitionImpl.user_clicks_on_sign_up_without_entering_data()
  Then user should see validation errors            # com.app.stepdefinations.StepdefinitionImpl.user_should_see_validation_errors()
      org.openqa.selenium.NoSuchElementException: no such element: Unable to locate element: {"method":"xpath","selector":"//span[text()='Could not validate your mobile number. Please check the number and try again.']"}
  (Session info: chrome=149.0.7827.54)
For documentation on this error, please visit: https://www.selenium.dev/documentation/webdriver/troubleshooting/errors#nosuchelementexception
Build info: version: '4.44.0', revision: 'da2039b'
System info: os.name: 'Mac OS X', os.arch: 'aarch64', os.version: '26.5', java.version: '21.0.11'
Driver info: org.openqa.selenium.chrome.ChromeDriver
Command: [6039f4061349b7963b1d33109e1f2ad2, findElement {using=xpath, value=//span[text()='Could not validate your mobile number. Please check the number and try again.']}]
Capabilities {acceptInsecureCerts: false, browserName: chrome, browserVersion: 149.0.7827.54, chrome: {chromedriverVersion: 149.0.7827.155 (07b52360cc1..., userDataDir: /var/folders/yt/ylqlz9k10vx...}, fedcm:accounts: true, goog:chromeOptions: {debuggerAddress: localhost:49925}, goog:processID: 2282, networkConnectionEnabled: false, pageLoadStrategy: normal, platformName: mac, proxy: Proxy(), se:cdp: ws://localhost:49925/devtoo..., se:cdpVersion: 149.0.7827.54, setWindowRect: true, strictFileInteractability: false, timeouts: {implicit: 0, pageLoad: 300000, script: 30000}, unhandledPromptBehavior: dismiss and notify, webauthn:extension:credBlob: true, webauthn:extension:largeBlob: true, webauthn:extension:minPinLength: true, webauthn:extension:prf: true, webauthn:virtualAuthenticators: true}
Session ID: 6039f4061349b7963b1d33109e1f2ad2
	at org.openqa.selenium.remote.ErrorCodec.decode(ErrorCodec.java:169)
	at org.openqa.selenium.remote.codec.w3c.W3CHttpResponseCodec.decode(W3CHttpResponseCodec.java:143)
	at org.openqa.selenium.remote.codec.w3c.W3CHttpResponseCodec.decode(W3CHttpResponseCodec.java:50)
	at org.openqa.selenium.remote.HttpCommandExecutor.execute(HttpCommandExecutor.java:224)
	at org.openqa.selenium.remote.service.DriverCommandExecutor.invokeExecute(DriverCommandExecutor.java:217)
	at org.openqa.selenium.remote.service.DriverCommandExecutor.execute(DriverCommandExecutor.java:175)
	at org.openqa.selenium.remote.RemoteWebDriver.execute(RemoteWebDriver.java:600)
	at org.openqa.selenium.remote.ElementLocation$ElementFinder$2.findElement(ElementLocation.java:173)
	at org.openqa.selenium.remote.ElementLocation.findElement(ElementLocation.java:60)
	at org.openqa.selenium.remote.RemoteWebDriver.findElement(RemoteWebDriver.java:421)
	at org.openqa.selenium.remote.RemoteWebDriver.findElement(RemoteWebDriver.java:415)
	at org.openqa.selenium.support.pagefactory.DefaultElementLocator.findElement(DefaultElementLocator.java:69)
	at org.openqa.selenium.support.pagefactory.internal.LocatingElementHandler.invoke(LocatingElementHandler.java:38)
	at jdk.proxy2/jdk.proxy2.$Proxy20.getText(Unknown Source)
	at com.app.pageobject.RegistrationPage.getErrorMassage(RegistrationPage.java:143)
	at com.app.stepdefinations.StepdefinitionImpl.user_should_see_validation_errors(StepdefinitionImpl.java:87)
	at ✽.user should see validation errors(file:///Users/praful/Downloads/Eclipse-WS/BatchRS-New/FBAutomationFramework/src/test/java/com/app/cucumber/registration.feature:15)

]]></system-out>
    <system-err><![CDATA[Jun 20, 2026 1:59:38 PM org.openqa.selenium.devtools.CdpVersionFinder findNearestMatch
WARNING: Unable to find an exact match for CDP version 149, returning the closest version; found: 148; Please update to a Selenium version that supports CDP version 149
]]></system-err>
  </testcase>
</testsuite>