<?xml version="1.0" encoding="UTF-8"?>
<testsuite xmlns:xsi="http://www.w3.org/2001/XMLSchema-instance" xsi:noNamespaceSchemaLocation="https://maven.apache.org/surefire/maven-surefire-plugin/xsd/surefire-test-report-3.0.xsd" version="3.0" name="TestSuite" time="48.124" tests="13" errors="0" skipped="1" failures="6">
  <properties>
[...]
</properties>
  <testcase name="loginWithInValidCredentials" classname="com.app.test.LoginTest" time="0.0">
    <skipped message="expected [true] but found [false]"/>
    <system-out><![CDATA[registerWithValidData   onTestStart called 
recoverAccountWithValidEmail   onTestStart called 
loginWithInValidCredentials   onTestStart called 
]]></system-out>
    <system-err><![CDATA[SLF4J(W): No SLF4J providers were found.
SLF4J(W): Defaulting to no-operation (NOP) logger implementation
SLF4J(W): See https://www.slf4j.org/codes.html#noProviders for further details.
Jun 20, 2026 1:37:30 PM org.openqa.selenium.devtools.CdpVersionFinder findNearestMatch
WARNING: Unable to find an exact match for CDP version 149, returning the closest version; found: 148; Please update to a Selenium version that supports CDP version 149
Jun 20, 2026 1:37:30 PM org.openqa.selenium.devtools.CdpVersionFinder findNearestMatch
WARNING: Unable to find an exact match for CDP version 149, returning the closest version; found: 148; Please update to a Selenium version that supports CDP version 149
Jun 20, 2026 1:37:30 PM org.openqa.selenium.devtools.CdpVersionFinder findNearestMatch
WARNING: Unable to find an exact match for CDP version 149, returning the closest version; found: 148; Please update to a Selenium version that supports CDP version 149
]]></system-err>
  </testcase>
  <testcase name="loginWithInValidCredentials" classname="com.app.test.LoginTest" time="0.19">
    <failure message="expected [true] but found [false]" type="java.lang.AssertionError"><![CDATA[java.lang.AssertionError: expected [true] but found [false]
	at org.testng.Assert.fail(Assert.java:111)
	at org.testng.Assert.failNotEquals(Assert.java:1578)
	at org.testng.Assert.assertTrue(Assert.java:57)
	at org.testng.Assert.assertTrue(Assert.java:67)
	at com.app.test.LoginTest.loginWithInValidCredentials(LoginTest.java:29)
	at java.base/jdk.internal.reflect.DirectMethodHandleAccessor.invoke(DirectMethodHandleAccessor.java:103)
	at java.base/java.lang.reflect.Method.invoke(Method.java:580)
	at org.testng.internal.invokers.MethodInvocationHelper.invokeMethod(MethodInvocationHelper.java:139)
	at org.testng.internal.invokers.TestInvoker.invokeMethod(TestInvoker.java:664)
	at org.testng.internal.invokers.TestInvoker.retryFailed(TestInvoker.java:249)
	at org.testng.internal.invokers.MethodRunner.runInSequence(MethodRunner.java:76)
	at org.testng.internal.invokers.TestInvoker$MethodInvocationAgent.invoke(TestInvoker.java:961)
	at org.testng.internal.invokers.TestInvoker.invokeTestMethods(TestInvoker.java:201)
	at org.testng.internal.invokers.TestMethodWorker.invokeTestMethods(TestMethodWorker.java:148)
	at org.testng.internal.invokers.TestMethodWorker.run(TestMethodWorker.java:128)
	at java.base/java.util.ArrayList.forEach(ArrayList.java:1596)
	at org.testng.TestRunner.privateRun(TestRunner.java:819)
	at org.testng.TestRunner.run(TestRunner.java:619)
	at org.testng.SuiteRunner.runTest(SuiteRunner.java:443)
	at org.testng.SuiteRunner$SuiteWorker.run(SuiteRunner.java:481)
	at org.testng.internal.thread.ThreadUtil.lambda$execute$0(ThreadUtil.java:58)
	at java.base/java.util.concurrent.FutureTask.run(FutureTask.java:317)
	at java.base/java.util.concurrent.ThreadPoolExecutor.runWorker(ThreadPoolExecutor.java:1144)
	at java.base/java.util.concurrent.ThreadPoolExecutor$Worker.run(ThreadPoolExecutor.java:642)
	at java.base/java.lang.Thread.run(Thread.java:1583)
]]></failure>
    <system-out><![CDATA[loginWithInValidCredentials   onTestStart called 
loginWithInValidCredentials   onTestFailure called 
recoverAccountWithInvalidEmail   onTestStart called 
/Users/praful/Downloads/Eclipse-WS/BatchRS-New/FBAutomationFramework//reports//screenshot//loginWithInValidCredentials.png
]]></system-out>
    <system-err><![CDATA[Jun 20, 2026 1:37:33 PM org.openqa.selenium.devtools.CdpVersionFinder findNearestMatch
WARNING: Unable to find an exact match for CDP version 149, returning the closest version; found: 148; Please update to a Selenium version that supports CDP version 149
Jun 20, 2026 1:37:33 PM org.openqa.selenium.devtools.CdpVersionFinder findNearestMatch
WARNING: Unable to find an exact match for CDP version 149, returning the closest version; found: 148; Please update to a Selenium version that supports CDP version 149
]]></system-err>
  </testcase>
  <testcase name="loginWithValidCredentials[{password=passJson1, email=json1@gmail.com}](1)" classname="com.app.test.LoginTest" time="0.597">
    <failure message="expected [true] but found [false]" type="java.lang.AssertionError"><![CDATA[java.lang.AssertionError: expected [true] but found [false]
	at org.testng.Assert.fail(Assert.java:111)
	at org.testng.Assert.failNotEquals(Assert.java:1578)
	at org.testng.Assert.assertTrue(Assert.java:57)
	at org.testng.Assert.assertTrue(Assert.java:67)
	at com.app.test.LoginTest.loginWithValidCredentials(LoginTest.java:21)
	at java.base/jdk.internal.reflect.DirectMethodHandleAccessor.invoke(DirectMethodHandleAccessor.java:103)
	at java.base/java.lang.reflect.Method.invoke(Method.java:580)
	at org.testng.internal.invokers.MethodInvocationHelper.invokeMethod(MethodInvocationHelper.java:139)
	at org.testng.internal.invokers.TestInvoker.invokeMethod(TestInvoker.java:664)
	at org.testng.internal.invokers.TestInvoker.invokeTestMethod(TestInvoker.java:228)
	at org.testng.internal.invokers.MethodRunner.runInSequence(MethodRunner.java:63)
	at org.testng.internal.invokers.TestInvoker$MethodInvocationAgent.invoke(TestInvoker.java:961)
	at org.testng.internal.invokers.TestInvoker.invokeTestMethods(TestInvoker.java:201)
	at org.testng.internal.invokers.TestMethodWorker.invokeTestMethods(TestMethodWorker.java:148)
	at org.testng.internal.invokers.TestMethodWorker.run(TestMethodWorker.java:128)
	at java.base/java.util.ArrayList.forEach(ArrayList.java:1596)
	at org.testng.TestRunner.privateRun(TestRunner.java:819)
	at org.testng.TestRunner.run(TestRunner.java:619)
	at org.testng.SuiteRunner.runTest(SuiteRunner.java:443)
	at org.testng.SuiteRunner$SuiteWorker.run(SuiteRunner.java:481)
	at org.testng.internal.thread.ThreadUtil.lambda$execute$0(ThreadUtil.java:58)
	at java.base/java.util.concurrent.FutureTask.run(FutureTask.java:317)
	at java.base/java.util.concurrent.ThreadPoolExecutor.runWorker(ThreadPoolExecutor.java:1144)
	at java.base/java.util.concurrent.ThreadPoolExecutor$Worker.run(ThreadPoolExecutor.java:642)
	at java.base/java.lang.Thread.run(Thread.java:1583)
]]></failure>
    <system-out><![CDATA[loginWithValidCredentials   onTestStart called 
loginWithValidCredentials   onTestFailure called 
/Users/praful/Downloads/Eclipse-WS/BatchRS-New/FBAutomationFramework//reports//screenshot//loginWithValidCredentials.png
]]></system-out>
    <system-err><![CDATA[Jun 20, 2026 1:37:36 PM org.openqa.selenium.devtools.CdpVersionFinder findNearestMatch
WARNING: Unable to find an exact match for CDP version 149, returning the closest version; found: 148; Please update to a Selenium version that supports CDP version 149
]]></system-err>
  </testcase>
  <testcase name="loginWithValidCredentials[{password=passJson2, email=json2@gmail.com}](2)" classname="com.app.test.LoginTest" time="0.03">
    <failure message="expected [true] but found [false]" type="java.lang.AssertionError"><![CDATA[java.lang.AssertionError: expected [true] but found [false]
	at org.testng.Assert.fail(Assert.java:111)
	at org.testng.Assert.failNotEquals(Assert.java:1578)
	at org.testng.Assert.assertTrue(Assert.java:57)
	at org.testng.Assert.assertTrue(Assert.java:67)
	at com.app.test.LoginTest.loginWithValidCredentials(LoginTest.java:21)
	at java.base/jdk.internal.reflect.DirectMethodHandleAccessor.invoke(DirectMethodHandleAccessor.java:103)
	at java.base/java.lang.reflect.Method.invoke(Method.java:580)
	at org.testng.internal.invokers.MethodInvocationHelper.invokeMethod(MethodInvocationHelper.java:139)
	at org.testng.internal.invokers.TestInvoker.invokeMethod(TestInvoker.java:664)
	at org.testng.internal.invokers.TestInvoker.invokeTestMethod(TestInvoker.java:228)
	at org.testng.internal.invokers.MethodRunner.runInSequence(MethodRunner.java:63)
	at org.testng.internal.invokers.TestInvoker$MethodInvocationAgent.invoke(TestInvoker.java:961)
	at org.testng.internal.invokers.TestInvoker.invokeTestMethods(TestInvoker.java:201)
	at org.testng.internal.invokers.TestMethodWorker.invokeTestMethods(TestMethodWorker.java:148)
	at org.testng.internal.invokers.TestMethodWorker.run(TestMethodWorker.java:128)
	at java.base/java.util.ArrayList.forEach(ArrayList.java:1596)
	at org.testng.TestRunner.privateRun(TestRunner.java:819)
	at org.testng.TestRunner.run(TestRunner.java:619)
	at org.testng.SuiteRunner.runTest(SuiteRunner.java:443)
	at org.testng.SuiteRunner$SuiteWorker.run(SuiteRunner.java:481)
	at org.testng.internal.thread.ThreadUtil.lambda$execute$0(ThreadUtil.java:58)
	at java.base/java.util.concurrent.FutureTask.run(FutureTask.java:317)
	at java.base/java.util.concurrent.ThreadPoolExecutor.runWorker(ThreadPoolExecutor.java:1144)
	at java.base/java.util.concurrent.ThreadPoolExecutor$Worker.run(ThreadPoolExecutor.java:642)
	at java.base/java.lang.Thread.run(Thread.java:1583)
]]></failure>
    <system-out><![CDATA[loginWithValidCredentials   onTestStart called 
loginWithValidCredentials   onTestFailure called 
registerWithEmptyFields   onTestStart called 
/Users/praful/Downloads/Eclipse-WS/BatchRS-New/FBAutomationFramework//reports//screenshot//loginWithValidCredentials.png
]]></system-out>
    <system-err><![CDATA[Jun 20, 2026 1:37:39 PM org.openqa.selenium.devtools.CdpVersionFinder findNearestMatch
WARNING: Unable to find an exact match for CDP version 149, returning the closest version; found: 148; Please update to a Selenium version that supports CDP version 149
Jun 20, 2026 1:37:39 PM org.openqa.selenium.devtools.CdpVersionFinder findNearestMatch
WARNING: Unable to find an exact match for CDP version 149, returning the closest version; found: 148; Please update to a Selenium version that supports CDP version 149
]]></system-err>
  </testcase>
  <testcase name="recoverAccountWithValidEmail" classname="com.app.test.AccountRecoveryTest" time="1.098">
    <system-out><![CDATA[recoverAccountWithValidEmail   onTestSuccess called 
]]></system-out>
  </testcase>
  <testcase name="recoverAccountWithInvalidEmail" classname="com.app.test.AccountRecoveryTest" time="1.629">
    <system-out><![CDATA[ErrorMsg  :-  No account found. Check your mobile number or email address and try again.
recoverAccountWithInvalidEmail   onTestSuccess called 
]]></system-out>
    <system-err><![CDATA[Jun 20, 2026 1:37:38 PM org.openqa.selenium.devtools.CdpVersionFinder findNearestMatch
WARNING: Unable to find an exact match for CDP version 149, returning the closest version; found: 148; Please update to a Selenium version that supports CDP version 149
]]></system-err>
  </testcase>
  <testcase name="recoverAccountWithEmptyField" classname="com.app.test.AccountRecoveryTest" time="1.219">
    <system-out><![CDATA[recoverAccountWithEmptyField   onTestStart called 
recoverAccountWithEmptyField   onTestSuccess called 
]]></system-out>
  </testcase>
  <testcase name="recoverAccountWithInvalidPhone" classname="com.app.test.AccountRecoveryTest" time="4.802">
    <system-out><![CDATA[ErrorMsg  :-  No account found. Check your mobile number or email address and try again.
recoverAccountWithInvalidPhone   onTestSuccess called 
]]></system-out>
    <system-err><![CDATA[Jun 20, 2026 1:37:48 PM org.openqa.selenium.devtools.CdpVersionFinder findNearestMatch
WARNING: Unable to find an exact match for CDP version 149, returning the closest version; found: 148; Please update to a Selenium version that supports CDP version 149
]]></system-err>
  </testcase>
  <testcase name="registerWithValidData" classname="com.app.test.RegistrationTest" time="0.967">
    <failure message="Index 14 out of bounds for length 0" type="java.lang.IndexOutOfBoundsException"><![CDATA[java.lang.IndexOutOfBoundsException: Index 14 out of bounds for length 0
	at java.base/jdk.internal.util.Preconditions.outOfBounds(Preconditions.java:100)
	at java.base/jdk.internal.util.Preconditions.outOfBoundsCheckIndex(Preconditions.java:106)
	at java.base/jdk.internal.util.Preconditions.checkIndex(Preconditions.java:302)
	at java.base/java.util.Objects.checkIndex(Objects.java:385)
	at java.base/java.util.ArrayList.get(ArrayList.java:427)
	at java.base/jdk.internal.reflect.DirectMethodHandleAccessor.invoke(DirectMethodHandleAccessor.java:103)
	at java.base/java.lang.reflect.Method.invoke(Method.java:580)
	at org.openqa.selenium.support.pagefactory.internal.LocatingElementListHandler.invoke(LocatingElementListHandler.java:39)
	at jdk.proxy2/jdk.proxy2.$Proxy13.get(Unknown Source)
	at org.openqa.selenium.support.ui.ExpectedConditions$9.apply(ExpectedConditions.java:317)
	at org.openqa.selenium.support.ui.ExpectedConditions$9.apply(ExpectedConditions.java:307)
	at org.openqa.selenium.support.ui.FluentWait.until(FluentWait.java:210)
	at com.app.utils.CommomUtils.waitForWebElementToAppear(CommomUtils.java:35)
	at com.app.utils.CommomUtils.handledropdown(CommomUtils.java:40)
	at com.app.pageobject.RegistrationPage.selectDay(RegistrationPage.java:90)
	at com.app.pageobject.RegistrationPage.enterRegistrationDetails(RegistrationPage.java:124)
	at com.app.test.RegistrationTest.registerWithValidData(RegistrationTest.java:15)
	at java.base/jdk.internal.reflect.DirectMethodHandleAccessor.invoke(DirectMethodHandleAccessor.java:103)
	at java.base/java.lang.reflect.Method.invoke(Method.java:580)
	at org.testng.internal.invokers.MethodInvocationHelper.invokeMethod(MethodInvocationHelper.java:139)
	at org.testng.internal.invokers.TestInvoker.invokeMethod(TestInvoker.java:664)
	at org.testng.internal.invokers.TestInvoker.invokeTestMethod(TestInvoker.java:228)
	at org.testng.internal.invokers.MethodRunner.runInSequence(MethodRunner.java:63)
	at org.testng.internal.invokers.TestInvoker$MethodInvocationAgent.invoke(TestInvoker.java:961)
	at org.testng.internal.invokers.TestInvoker.invokeTestMethods(TestInvoker.java:201)
	at org.testng.internal.invokers.TestMethodWorker.invokeTestMethods(TestMethodWorker.java:148)
	at org.testng.internal.invokers.TestMethodWorker.run(TestMethodWorker.java:128)
	at java.base/java.util.ArrayList.forEach(ArrayList.java:1596)
	at org.testng.TestRunner.privateRun(TestRunner.java:819)
	at org.testng.TestRunner.run(TestRunner.java:619)
	at org.testng.SuiteRunner.runTest(SuiteRunner.java:443)
	at org.testng.SuiteRunner$SuiteWorker.run(SuiteRunner.java:481)
	at org.testng.internal.thread.ThreadUtil.lambda$execute$0(ThreadUtil.java:58)
	at java.base/java.util.concurrent.FutureTask.run(FutureTask.java:317)
	at java.base/java.util.concurrent.ThreadPoolExecutor.runWorker(ThreadPoolExecutor.java:1144)
	at java.base/java.util.concurrent.ThreadPoolExecutor$Worker.run(ThreadPoolExecutor.java:642)
	at java.base/java.lang.Thread.run(Thread.java:1583)
]]></failure>
    <system-out><![CDATA[registerWithValidData   onTestFailure called 
/Users/praful/Downloads/Eclipse-WS/BatchRS-New/FBAutomationFramework//reports//screenshot//registerWithValidData.png
]]></system-out>
  </testcase>
  <testcase name="registerWithEmptyFields" classname="com.app.test.RegistrationTest" time="3.634">
    <failure message="Index 17 out of bounds for length 0" type="java.lang.IndexOutOfBoundsException"><![CDATA[java.lang.IndexOutOfBoundsException: Index 17 out of bounds for length 0
	at java.base/jdk.internal.util.Preconditions.outOfBounds(Preconditions.java:100)
	at java.base/jdk.internal.util.Preconditions.outOfBoundsCheckIndex(Preconditions.java:106)
	at java.base/jdk.internal.util.Preconditions.checkIndex(Preconditions.java:302)
	at java.base/java.util.Objects.checkIndex(Objects.java:385)
	at java.base/java.util.ArrayList.get(ArrayList.java:427)
	at java.base/jdk.internal.reflect.DirectMethodHandleAccessor.invoke(DirectMethodHandleAccessor.java:103)
	at java.base/java.lang.reflect.Method.invoke(Method.java:580)
	at org.openqa.selenium.support.pagefactory.internal.LocatingElementListHandler.invoke(LocatingElementListHandler.java:39)
	at jdk.proxy2/jdk.proxy2.$Proxy13.get(Unknown Source)
	at org.openqa.selenium.support.ui.ExpectedConditions$9.apply(ExpectedConditions.java:317)
	at org.openqa.selenium.support.ui.ExpectedConditions$9.apply(ExpectedConditions.java:307)
	at org.openqa.selenium.support.ui.FluentWait.until(FluentWait.java:210)
	at com.app.utils.CommomUtils.waitForWebElementToAppear(CommomUtils.java:35)
	at com.app.utils.CommomUtils.handledropdown(CommomUtils.java:40)
	at com.app.pageobject.RegistrationPage.selectYear(RegistrationPage.java:100)
	at com.app.pageobject.RegistrationPage.enterRegistrationDetails(RegistrationPage.java:126)
	at com.app.test.RegistrationTest.registerWithEmptyFields(RegistrationTest.java:24)
	at java.base/jdk.internal.reflect.DirectMethodHandleAccessor.invoke(DirectMethodHandleAccessor.java:103)
	at java.base/java.lang.reflect.Method.invoke(Method.java:580)
	at org.testng.internal.invokers.MethodInvocationHelper.invokeMethod(MethodInvocationHelper.java:139)
	at org.testng.internal.invokers.TestInvoker.invokeMethod(TestInvoker.java:664)
	at org.testng.internal.invokers.TestInvoker.invokeTestMethod(TestInvoker.java:228)
	at org.testng.internal.invokers.MethodRunner.runInSequence(MethodRunner.java:63)
	at org.testng.internal.invokers.TestInvoker$MethodInvocationAgent.invoke(TestInvoker.java:961)
	at org.testng.internal.invokers.TestInvoker.invokeTestMethods(TestInvoker.java:201)
	at org.testng.internal.invokers.TestMethodWorker.invokeTestMethods(TestMethodWorker.java:148)
	at org.testng.internal.invokers.TestMethodWorker.run(TestMethodWorker.java:128)
	at java.base/java.util.ArrayList.forEach(ArrayList.java:1596)
	at org.testng.TestRunner.privateRun(TestRunner.java:819)
	at org.testng.TestRunner.run(TestRunner.java:619)
	at org.testng.SuiteRunner.runTest(SuiteRunner.java:443)
	at org.testng.SuiteRunner$SuiteWorker.run(SuiteRunner.java:481)
	at org.testng.internal.thread.ThreadUtil.lambda$execute$0(ThreadUtil.java:58)
	at java.base/java.util.concurrent.FutureTask.run(FutureTask.java:317)
	at java.base/java.util.concurrent.ThreadPoolExecutor.runWorker(ThreadPoolExecutor.java:1144)
	at java.base/java.util.concurrent.ThreadPoolExecutor$Worker.run(ThreadPoolExecutor.java:642)
	at java.base/java.lang.Thread.run(Thread.java:1583)
]]></failure>
    <system-out><![CDATA[recoverAccountWithInvalidPhone   onTestStart called 
registerWithEmptyFields   onTestFailure called 
/Users/praful/Downloads/Eclipse-WS/BatchRS-New/FBAutomationFramework//reports//screenshot//registerWithEmptyFields.png
]]></system-out>
    <system-err><![CDATA[Jun 20, 2026 1:37:43 PM org.openqa.selenium.devtools.CdpVersionFinder findNearestMatch
WARNING: Unable to find an exact match for CDP version 149, returning the closest version; found: 148; Please update to a Selenium version that supports CDP version 149
]]></system-err>
  </testcase>
  <testcase name="registerWithInvalidEmail" classname="com.app.test.RegistrationTest" time="5.476">
    <system-out><![CDATA[registerWithInvalidEmail   onTestStart called 
Retrying... 18
Retrying... 18
Retrying... 18
Retrying... 18
Retrying... 18
Retrying... 18
Retrying... 18
Retrying... 18
Retrying... 18
Retrying... 18
Retrying... 18
Retrying... 18
Retrying... 18
Retrying... APRIL
Retrying... APRIL
Retrying... APRIL
Retrying... APRIL
Retrying... APRIL
Retrying... APRIL
Retrying... APRIL
Retrying... APRIL
Retrying... 2002
Retrying... 2002
Retrying... 2002
Retrying... 2002
Retrying... 2002
Retrying... 2002
Retrying... 2002
Retrying... 2002
Retrying... 2002
Retrying... 2002
Retrying... 2002
Retrying... 2002
Retrying... 2002
Retrying... 2002
Retrying... 2002
Retrying... 2002
Retrying... 2002
Retrying... 2002
Retrying... 2002
Retrying... 2002
Retrying... 2002
Retrying... 2002
Retrying... 2002
Retrying... 2002
Retrying... 2002
Retrying... 2002
Retrying... 2002
Retrying... 2002
Retrying... 2002
Retrying... 2002
Retrying... 2002
Retrying... 2002
Retrying... 2002
Retrying... 2002
Retrying... 2002
Retrying... 2002
Retrying... 2002
Retrying... 2002
Retrying... 2002
Retrying... 2002
Retrying... 2002
Retrying... 2002
Retrying... 2002
Retrying... 2002
Retrying... 2002
Retrying... 2002
Retrying... 2002
Retrying... 2002
Retrying... 2002
Retrying... 2002
Retrying... 2002
Retrying... 2002
Retrying... 2002
Retrying... 2002
Retrying... 2002
Retrying... 2002
Retrying... 2002
Retrying... 2002
Retrying... 2002
Retrying... 2002
Retrying... 2002
Retrying... 2002
Retrying... 2002
Retrying... 2002
Retrying... 2002
Retrying... 2002
Retrying... 2002
Retrying... 2002
Retrying... 2002
Retrying... 2002
Retrying... 2002
Retrying... 2002
Retrying... 2002
Retrying... 2002
Retrying... 2002
Retrying... 2002
Retrying... 2002
Retrying... 2002
Retrying... 2002
Retrying... 2002
Retrying... 2002
Retrying... 2002
Retrying... 2002
Retrying... 2002
Retrying... 2002
Retrying... 2002
Retrying... 2002
Retrying... 2002
Retrying... 2002
Retrying... 2002
Retrying... 2002
Retrying... 2002
Retrying... 2002
Retrying... 2002
Retrying... 2002
Retrying... 2002
Retrying... 2002
Retrying... 2002
Retrying... 2002
Retrying... 2002
Retrying... 2002
Retrying... 2002
Retrying... 2002
Retrying... 2002
Retrying... 2002
Retrying... 2002
Retrying... 2002
Retrying... 2002
Retrying... 2002
Retrying... 2002
Retrying... 2002
Retrying... 2002
Retrying... 2002
Retrying... 2002
Retrying... 2002
Retrying... 2002
Retrying... 2002
Retrying... 2002
Retrying... 2002
Retrying... 2002
Retrying... 2002
Retrying... 2002
Retrying... 2002
Retrying... 2002
Retrying... 2002
Retrying... 2002
Retrying... Male
registerWithInvalidEmail   onTestSuccess called 
]]></system-out>
  </testcase>
  <testcase name="registerWithWeakPassword" classname="com.app.test.RegistrationTest" time="4.613">
    <system-out><![CDATA[registerWithWeakPassword   onTestStart called 
Retrying... 18
Retrying... 18
Retrying... 18
Retrying... 18
Retrying... 18
Retrying... 18
Retrying... 18
Retrying... 18
Retrying... 18
Retrying... 18
Retrying... 18
Retrying... 18
Retrying... 18
Retrying... APRIL
Retrying... APRIL
Retrying... APRIL
Retrying... APRIL
Retrying... APRIL
Retrying... APRIL
Retrying... APRIL
Retrying... APRIL
Retrying... 2002
Retrying... 2002
Retrying... 2002
Retrying... 2002
Retrying... 2002
Retrying... 2002
Retrying... 2002
Retrying... 2002
Retrying... 2002
Retrying... 2002
Retrying... 2002
Retrying... 2002
Retrying... 2002
Retrying... 2002
Retrying... 2002
Retrying... 2002
Retrying... 2002
Retrying... 2002
Retrying... 2002
Retrying... 2002
Retrying... 2002
Retrying... 2002
Retrying... 2002
Retrying... 2002
Retrying... 2002
Retrying... 2002
Retrying... 2002
Retrying... 2002
Retrying... 2002
Retrying... 2002
Retrying... 2002
Retrying... 2002
Retrying... 2002
Retrying... 2002
Retrying... 2002
Retrying... 2002
Retrying... 2002
Retrying... 2002
Retrying... 2002
Retrying... 2002
Retrying... 2002
Retrying... 2002
Retrying... 2002
Retrying... 2002
Retrying... 2002
Retrying... 2002
Retrying... 2002
Retrying... 2002
Retrying... 2002
Retrying... 2002
Retrying... 2002
Retrying... 2002
Retrying... 2002
Retrying... 2002
Retrying... 2002
Retrying... 2002
Retrying... 2002
Retrying... 2002
Retrying... 2002
Retrying... 2002
Retrying... 2002
Retrying... 2002
Retrying... 2002
Retrying... 2002
Retrying... 2002
Retrying... 2002
Retrying... 2002
Retrying... 2002
Retrying... 2002
Retrying... 2002
Retrying... 2002
Retrying... 2002
Retrying... 2002
Retrying... 2002
Retrying... 2002
Retrying... 2002
Retrying... 2002
Retrying... 2002
Retrying... 2002
Retrying... 2002
Retrying... 2002
Retrying... 2002
Retrying... 2002
Retrying... 2002
Retrying... 2002
Retrying... 2002
Retrying... 2002
Retrying... 2002
Retrying... 2002
Retrying... 2002
Retrying... 2002
Retrying... 2002
Retrying... 2002
Retrying... 2002
Retrying... 2002
Retrying... 2002
Retrying... 2002
Retrying... 2002
Retrying... 2002
Retrying... 2002
Retrying... 2002
Retrying... 2002
Retrying... 2002
Retrying... 2002
Retrying... 2002
Retrying... 2002
Retrying... 2002
Retrying... 2002
Retrying... 2002
Retrying... 2002
Retrying... 2002
Retrying... 2002
Retrying... 2002
Retrying... 2002
Retrying... 2002
Retrying... 2002
Retrying... 2002
Retrying... 2002
Retrying... 2002
Retrying... 2002
Retrying... 2002
Retrying... 2002
Retrying... 2002
Retrying... 2002
Retrying... 2002
Retrying... 2002
Retrying... Male
registerWithWeakPassword   onTestSuccess called 
]]></system-out>
    <system-err><![CDATA[Jun 20, 2026 1:37:56 PM org.openqa.selenium.devtools.CdpVersionFinder findNearestMatch
WARNING: Unable to find an exact match for CDP version 149, returning the closest version; found: 148; Please update to a Selenium version that supports CDP version 149
]]></system-err>
  </testcase>
  <testcase name="registerWithoutFirstName" classname="com.app.test.RegistrationTest" time="10.638">
    <failure message="no such element: Unable to locate element: {&quot;method&quot;:&quot;xpath&quot;,&quot;selector&quot;:&quot;//span[text()=&apos;Could not validate your mobile number. Please check the number and try again.&apos;]&quot;}&#10;  (Session info: chrome=149.0.7827.54)&#10;For documentation on this error, please visit: https://www.selenium.dev/documentation/webdriver/troubleshooting/errors#nosuchelementexception&#10;Build info: version: &apos;4.44.0&apos;, revision: &apos;da2039b&apos;&#10;System info: os.name: &apos;Mac OS X&apos;, os.arch: &apos;aarch64&apos;, os.version: &apos;26.5&apos;, java.version: &apos;21.0.11&apos;&#10;Driver info: org.openqa.selenium.chrome.ChromeDriver&#10;Command: [e3e85166bc7fa6141f0f387b7e4ae016, findElement {using=xpath, value=//span[text()=&apos;Could not validate your mobile number. Please check the number and try again.&apos;]}]&#10;Capabilities {acceptInsecureCerts: false, browserName: chrome, browserVersion: 149.0.7827.54, chrome: {chromedriverVersion: 149.0.7827.155 (07b52360cc1..., userDataDir: /var/folders/yt/ylqlz9k10vx...}, fedcm:accounts: true, goog:chromeOptions: {debuggerAddress: localhost:49693}, goog:processID: 1888, networkConnectionEnabled: false, pageLoadStrategy: normal, platformName: mac, proxy: Proxy(), se:cdp: ws://localhost:49693/devtoo..., se:cdpVersion: 149.0.7827.54, setWindowRect: true, strictFileInteractability: false, timeouts: {implicit: 0, pageLoad: 300000, script: 30000}, unhandledPromptBehavior: dismiss and notify, webauthn:extension:credBlob: true, webauthn:extension:largeBlob: true, webauthn:extension:minPinLength: true, webauthn:extension:prf: true, webauthn:virtualAuthenticators: true}&#10;Session ID: e3e85166bc7fa6141f0f387b7e4ae016" type="org.openqa.selenium.NoSuchElementException"><![CDATA[org.openqa.selenium.NoSuchElementException: 
no such element: Unable to locate element: {"method":"xpath","selector":"//span[text()='Could not validate your mobile number. Please check the number and try again.']"}
  (Session info: chrome=149.0.7827.54)
For documentation on this error, please visit: https://www.selenium.dev/documentation/webdriver/troubleshooting/errors#nosuchelementexception
Build info: version: '4.44.0', revision: 'da2039b'
System info: os.name: 'Mac OS X', os.arch: 'aarch64', os.version: '26.5', java.version: '21.0.11'
Driver info: org.openqa.selenium.chrome.ChromeDriver
Command: [e3e85166bc7fa6141f0f387b7e4ae016, findElement {using=xpath, value=//span[text()='Could not validate your mobile number. Please check the number and try again.']}]
Capabilities {acceptInsecureCerts: false, browserName: chrome, browserVersion: 149.0.7827.54, chrome: {chromedriverVersion: 149.0.7827.155 (07b52360cc1..., userDataDir: /var/folders/yt/ylqlz9k10vx...}, fedcm:accounts: true, goog:chromeOptions: {debuggerAddress: localhost:49693}, goog:processID: 1888, networkConnectionEnabled: false, pageLoadStrategy: normal, platformName: mac, proxy: Proxy(), se:cdp: ws://localhost:49693/devtoo..., se:cdpVersion: 149.0.7827.54, setWindowRect: true, strictFileInteractability: false, timeouts: {implicit: 0, pageLoad: 300000, script: 30000}, unhandledPromptBehavior: dismiss and notify, webauthn:extension:credBlob: true, webauthn:extension:largeBlob: true, webauthn:extension:minPinLength: true, webauthn:extension:prf: true, webauthn:virtualAuthenticators: true}
Session ID: e3e85166bc7fa6141f0f387b7e4ae016
	at org.openqa.selenium.remote.ErrorCodec.decode(ErrorCodec.java:169)
	at org.openqa.selenium.remote.codec.w3c.W3CHttpResponseCodec.decode(W3CHttpResponseCodec.java:143)
	at org.openqa.selenium.remote.codec.w3c.W3CHttpResponseCodec.decode(W3CHttpResponseCodec.java:50)
	at org.openqa.selenium.remote.HttpCommandExecutor.execute(HttpCommandExecutor.java:224)
	at org.openqa.selenium.remote.service.DriverCommandExecutor.invokeExecute(DriverCommandExecutor.java:217)
	at org.openqa.selenium.remote.service.DriverCommandExecutor.execute(DriverCommandExecutor.java:175)
	at org.openqa.selenium.remote.RemoteWebDriver.execute(RemoteWebDriver.java:600)
	at org.openqa.selenium.remote.ElementLocation$ElementFinder$2.findElement(ElementLocation.java:173)
	at org.openqa.selenium.remote.ElementLocation.findElement(ElementLocation.java:60)
	at org.openqa.selenium.remote.RemoteWebDriver.findElement(RemoteWebDriver.java:421)
	at org.openqa.selenium.remote.RemoteWebDriver.findElement(RemoteWebDriver.java:415)
	at org.openqa.selenium.support.pagefactory.DefaultElementLocator.findElement(DefaultElementLocator.java:69)
	at org.openqa.selenium.support.pagefactory.internal.LocatingElementHandler.invoke(LocatingElementHandler.java:38)
	at jdk.proxy2/jdk.proxy2.$Proxy12.getText(Unknown Source)
	at com.app.pageobject.RegistrationPage.getErrorMassage(RegistrationPage.java:143)
	at com.app.test.RegistrationTest.registerWithoutFirstName(RegistrationTest.java:58)
	at java.base/jdk.internal.reflect.DirectMethodHandleAccessor.invoke(DirectMethodHandleAccessor.java:103)
	at java.base/java.lang.reflect.Method.invoke(Method.java:580)
	at org.testng.internal.invokers.MethodInvocationHelper.invokeMethod(MethodInvocationHelper.java:139)
	at org.testng.internal.invokers.TestInvoker.invokeMethod(TestInvoker.java:664)
	at org.testng.internal.invokers.TestInvoker.invokeTestMethod(TestInvoker.java:228)
	at org.testng.internal.invokers.MethodRunner.runInSequence(MethodRunner.java:63)
	at org.testng.internal.invokers.TestInvoker$MethodInvocationAgent.invoke(TestInvoker.java:961)
	at org.testng.internal.invokers.TestInvoker.invokeTestMethods(TestInvoker.java:201)
	at org.testng.internal.invokers.TestMethodWorker.invokeTestMethods(TestMethodWorker.java:148)
	at org.testng.internal.invokers.TestMethodWorker.run(TestMethodWorker.java:128)
	at java.base/java.util.ArrayList.forEach(ArrayList.java:1596)
	at org.testng.TestRunner.privateRun(TestRunner.java:819)
	at org.testng.TestRunner.run(TestRunner.java:619)
	at org.testng.SuiteRunner.runTest(SuiteRunner.java:443)
	at org.testng.SuiteRunner$SuiteWorker.run(SuiteRunner.java:481)
	at org.testng.internal.thread.ThreadUtil.lambda$execute$0(ThreadUtil.java:58)
	at java.base/java.util.concurrent.FutureTask.run(FutureTask.java:317)
	at java.base/java.util.concurrent.ThreadPoolExecutor.runWorker(ThreadPoolExecutor.java:1144)
	at java.base/java.util.concurrent.ThreadPoolExecutor$Worker.run(ThreadPoolExecutor.java:642)
	at java.base/java.lang.Thread.run(Thread.java:1583)
]]></failure>
    <system-out><![CDATA[registerWithoutFirstName   onTestStart called 
Retrying... 18
Retrying... 18
Retrying... 18
Retrying... 18
Retrying... 18
Retrying... 18
Retrying... 18
Retrying... 18
Retrying... 18
Retrying... 18
Retrying... 18
Retrying... 18
Retrying... 18
Retrying... APRIL
Retrying... APRIL
Retrying... APRIL
Retrying... APRIL
Retrying... APRIL
Retrying... APRIL
Retrying... APRIL
Retrying... APRIL
Retrying... 2002
Retrying... 2002
Retrying... 2002
Retrying... 2002
Retrying... 2002
Retrying... 2002
Retrying... 2002
Retrying... 2002
Retrying... 2002
Retrying... 2002
Retrying... 2002
Retrying... 2002
Retrying... 2002
Retrying... 2002
Retrying... 2002
Retrying... 2002
Retrying... 2002
Retrying... 2002
Retrying... 2002
Retrying... 2002
Retrying... 2002
Retrying... 2002
Retrying... 2002
Retrying... 2002
Retrying... 2002
Retrying... 2002
Retrying... 2002
Retrying... 2002
Retrying... 2002
Retrying... 2002
Retrying... 2002
Retrying... 2002
Retrying... 2002
Retrying... 2002
Retrying... 2002
Retrying... 2002
Retrying... 2002
Retrying... 2002
Retrying... 2002
Retrying... 2002
Retrying... 2002
Retrying... 2002
Retrying... 2002
Retrying... 2002
Retrying... 2002
Retrying... 2002
Retrying... 2002
Retrying... 2002
Retrying... 2002
Retrying... 2002
Retrying... 2002
Retrying... 2002
Retrying... 2002
Retrying... 2002
Retrying... 2002
Retrying... 2002
Retrying... 2002
Retrying... 2002
Retrying... 2002
Retrying... 2002
Retrying... 2002
Retrying... 2002
Retrying... 2002
Retrying... 2002
Retrying... 2002
Retrying... 2002
Retrying... 2002
Retrying... 2002
Retrying... 2002
Retrying... 2002
Retrying... 2002
Retrying... 2002
Retrying... 2002
Retrying... 2002
Retrying... 2002
Retrying... 2002
Retrying... 2002
Retrying... 2002
Retrying... 2002
Retrying... 2002
Retrying... 2002
Retrying... 2002
Retrying... 2002
Retrying... 2002
Retrying... 2002
Retrying... 2002
Retrying... 2002
Retrying... 2002
Retrying... 2002
Retrying... 2002
Retrying... 2002
Retrying... 2002
Retrying... 2002
Retrying... 2002
Retrying... 2002
Retrying... 2002
Retrying... 2002
Retrying... 2002
Retrying... 2002
Retrying... 2002
Retrying... 2002
Retrying... 2002
Retrying... 2002
Retrying... 2002
Retrying... 2002
Retrying... 2002
Retrying... 2002
Retrying... 2002
Retrying... 2002
Retrying... 2002
Retrying... 2002
Retrying... 2002
Retrying... 2002
Retrying... 2002
Retrying... 2002
Retrying... 2002
Retrying... 2002
Retrying... 2002
Retrying... 2002
Retrying... 2002
Retrying... 2002
Retrying... 2002
Retrying... 2002
Retrying... 2002
Retrying... 2002
Retrying... 2002
Retrying... Male
registerWithoutFirstName   onTestFailure called 
/Users/praful/Downloads/Eclipse-WS/BatchRS-New/FBAutomationFramework//reports//screenshot//registerWithoutFirstName.png
]]></system-out>
    <system-err><![CDATA[Jun 20, 2026 1:38:04 PM org.openqa.selenium.devtools.CdpVersionFinder findNearestMatch
WARNING: Unable to find an exact match for CDP version 149, returning the closest version; found: 148; Please update to a Selenium version that supports CDP version 149
]]></system-err>
  </testcase>
</testsuite>