<?xml version="1.0" encoding="UTF-8"?>
<!-- Generated by org.testng.reporters.JUnitReportReporter -->
<testsuite hostname="MacBook-Air.local" failures="0" tests="4" name="com.app.test.AccountRecoveryTest" time="20.748" errors="0" timestamp="2026-06-20T13:38:16 IST" skipped="0">
  <testcase classname="com.app.test.AccountRecoveryTest" name="recoverAccountWithValidEmail" time="4.457"/>
  <testcase classname="com.app.test.AccountRecoveryTest" name="recoverAccountWithInvalidEmail" time="6.204"/>
  <testcase classname="com.app.test.AccountRecoveryTest" name="recoverAccountWithEmptyField" time="3.198"/>
  <testcase classname="com.app.test.AccountRecoveryTest" name="recoverAccountWithInvalidPhone" time="6.889"/>
</testsuite> <!-- com.app.test.AccountRecoveryTest -->
